
> temp-pjps@0.1.0 migrate
> tsx scripts/migrate-articles.ts

--- Starting PJPS Article Migration ---
Found 1 Volume/Issue blocks.

Processing Vol 39, Issue 5 (May 2026)...
Found 30 articles in this issue.
  Article already exists: Pharmacological and metabolic ...
  Article already exists: Antifebrile effects of dexibup...
  Article already exists: An integrated strategy includi...
  Article already exists: Evaluating the antiviral effic...
  Article already exists: Development and optimization o...
  Migrating: The outcomes of levothyroxine therapy and thyroid ...
    Fetching abstract from: https://www.pjps.pk/single-article?id=7725
  Migrating: Exploring pulegone in type 2 diabetes treatment: M...
    Fetching abstract from: https://www.pjps.pk/single-article?id=7726
  Migrating: Unveiling AKT1 as a key target of ?-asarone in Alz...
    Fetching abstract from: https://www.pjps.pk/single-article?id=7727
  Migrating: Molecular pathways of Traditional Chinese medicine...
    Fetching abstract from: https://www.pjps.pk/single-article?id=7728
  Migrating: SMI-guided deep remission and TCM-assisted biologi...
    Fetching abstract from: https://www.pjps.pk/single-article?id=7729
  Migrating: Synthesis, characterization, blood biochemical par...
    Fetching abstract from: https://www.pjps.pk/single-article?id=7730
  Migrating: Clinical outcomes of drug-coated balloon angioplas...
    Fetching abstract from: https://www.pjps.pk/single-article?id=7731
  Migrating: Pharmacokinetic evaluation of etoricoxib 120mg tab...
    Fetching abstract from: https://www.pjps.pk/single-article?id=7732
  Migrating: Allicin based inhibition of eryptosis: A novel the...
    Fetching abstract from: https://www.pjps.pk/single-article?id=7733
  Migrating: Esketamine and postoperative cognitive dysfunction...
    Fetching abstract from: https://www.pjps.pk/single-article?id=7734
  Migrating: Cubosome-based nanoformulation of synthesized 1-cy...
    Fetching abstract from: https://www.pjps.pk/single-article?id=7735
  Migrating: Effects of repetitive transcranial magnetic stimul...
    Fetching abstract from: https://www.pjps.pk/single-article?id=7736
  Migrating: Comparison of sesame oil wafers and lozenges as sa...
    Fetching abstract from: https://www.pjps.pk/single-article?id=7737
  Migrating: In-vitro determination of ciprofloxacin - metronid...
    Fetching abstract from: https://www.pjps.pk/single-article?id=7738
  Migrating: Clinical effect of moxibustion combined with acupo...
    Fetching abstract from: https://www.pjps.pk/single-article?id=7739
  Migrating: Clinical investigations and mechanistic insights i...
    Fetching abstract from: https://www.pjps.pk/single-article?id=7740
  Migrating: Analysis of treatment for improving cognitive dysf...
    Fetching abstract from: https://www.pjps.pk/single-article?id=7741
  Migrating: Panax notoginseng saponins ameliorate renal inters...
    Fetching abstract from: https://www.pjps.pk/single-article?id=7742
  Migrating: Development of transdermal nanofilm containing flu...
    Fetching abstract from: https://www.pjps.pk/single-article?id=7743
  Migrating: Role of sodium glucose cotransporter-2 (SGLT2) inh...
    Fetching abstract from: https://www.pjps.pk/single-article?id=7744
  Migrating: Frequency of macrolide resistance gene msrA in cli...
    Fetching abstract from: https://www.pjps.pk/single-article?id=7745
  Migrating: Inhibitory effect of vemurafenib combined with pan...
    Fetching abstract from: https://www.pjps.pk/single-article?id=7746
  Migrating: Liquidambaris fructus inhibits osteosarcoma throug...
    Fetching abstract from: https://www.pjps.pk/single-article?id=7747
  Migrating: Network pharmacology and machine learning reveal m...
    Fetching abstract from: https://www.pjps.pk/single-article?id=7748
  Migrating: Development of an HPLC-QAMS method for simultaneou...
    Fetching abstract from: https://www.pjps.pk/single-article?id=7749
--- Migration Completed ---
